Coordinate of a water molecule
   0.1349280   1.0427680  -0.4088006
