Coordinate of a water molecule
   0.1941767  -0.0136074  -0.2917594  -0.4915838  -0.4480844  -1.4087115
   0.1349280   1.0427680  -0.4088006
